[2018-07-24 17-38-55] PHP Warning: A non-numeric value encountered in /home/c/cw40247/public_html/site/assets/cache/FileCompiler/site/modules/AllInOneMinify/AllInOneMinify.module:713  @  http://cw40247.tmweb.ru/ 
[2018-07-24 17-38-55] PHP Warning: file_get_contents(): Filename cannot be empty in /home/c/cw40247/public_html/site/assets/cache/FileCompiler/site/modules/AllInOneMinify/AllInOneMinify.module:596  @  http://cw40247.tmweb.ru/ 
[2018-07-24 17-38-55] PHP Warning: file_get_contents(): Filename cannot be empty in /home/c/cw40247/public_html/site/assets/cache/FileCompiler/site/modules/AllInOneMinify/AllInOneMinify.module:470  @  http://cw40247.tmweb.ru/ 
[2018-07-24 17-56-53] PHP Warning: A non-numeric value encountered in /home/c/cw40247/public_html/site/assets/cache/FileCompiler/site/modules/AllInOneMinify/AllInOneMinify.module:713  @  http://cw40247.tmweb.ru/ 
[2018-07-24 17-56-53] PHP Warning: file_get_contents(): Filename cannot be empty in /home/c/cw40247/public_html/site/assets/cache/FileCompiler/site/modules/AllInOneMinify/AllInOneMinify.module:596  @  http://cw40247.tmweb.ru/ 
[2018-07-24 17-56-53] PHP Warning: file_get_contents(): Filename cannot be empty in /home/c/cw40247/public_html/site/assets/cache/FileCompiler/site/modules/AllInOneMinify/AllInOneMinify.module:470  @  http://cw40247.tmweb.ru/ 
[2018-07-27 10-57-57] PHP Warning: A non-numeric value encountered in /home/c/cw40247/public_html/site/assets/cache/FileCompiler/site/modules/AllInOneMinify/AllInOneMinify.module:713  @  http://cw40247.tmweb.ru/ 
[2018-07-27 10-57-57] PHP Warning: file_get_contents(): Filename cannot be empty in /home/c/cw40247/public_html/site/assets/cache/FileCompiler/site/modules/AllInOneMinify/AllInOneMinify.module:596  @  http://cw40247.tmweb.ru/ 
[2018-07-27 10-57-57] PHP Warning: file_get_contents(): Filename cannot be empty in /home/c/cw40247/public_html/site/assets/cache/FileCompiler/site/modules/AllInOneMinify/AllInOneMinify.module:470  @  http://cw40247.tmweb.ru/ 
[2018-07-27 10-58-05] PHP Warning: A non-numeric value encountered in /home/c/cw40247/public_html/site/assets/cache/FileCompiler/site/modules/AllInOneMinify/AllInOneMinify.module:713  @  http://cw40247.tmweb.ru/ 
[2018-07-27 10-58-05] PHP Warning: file_get_contents(): Filename cannot be empty in /home/c/cw40247/public_html/site/assets/cache/FileCompiler/site/modules/AllInOneMinify/AllInOneMinify.module:596  @  http://cw40247.tmweb.ru/ 
[2018-07-27 10-58-05] PHP Warning: file_get_contents(): Filename cannot be empty in /home/c/cw40247/public_html/site/assets/cache/FileCompiler/site/modules/AllInOneMinify/AllInOneMinify.module:470  @  http://cw40247.tmweb.ru/ 
[2018-07-27 11-20-58] PHP Warning: A non-numeric value encountered in /home/c/cw40247/public_html/site/assets/cache/FileCompiler/site/modules/AllInOneMinify/AllInOneMinify.module:713  @  http://cw40247.tmweb.ru/ 
[2018-07-27 11-20-58] PHP Warning: file_get_contents(): Filename cannot be empty in /home/c/cw40247/public_html/site/assets/cache/FileCompiler/site/modules/AllInOneMinify/AllInOneMinify.module:596  @  http://cw40247.tmweb.ru/ 
[2018-07-27 11-20-58] PHP Warning: file_get_contents(): Filename cannot be empty in /home/c/cw40247/public_html/site/assets/cache/FileCompiler/site/modules/AllInOneMinify/AllInOneMinify.module:470  @  http://cw40247.tmweb.ru/ 
[2018-07-27 11-24-11] PHP Warning: Narrowing occurred during type inference. Please file a bug report on bugs.php.net in /home/c/cw40247/public_html/wire/core/Modules.php:1498  @  http://cw40247.tmweb.ru/processwire/setup/field/navJSON/ 
[2018-07-27 11-55-35] PHP Warning: A non-numeric value encountered in /home/c/cw40247/public_html/site/assets/cache/FileCompiler/site/modules/AllInOneMinify/AllInOneMinify.module:713  @  http://cw40247.tmweb.ru/ 
[2018-07-27 11-55-35] PHP Warning: file_get_contents(): Filename cannot be empty in /home/c/cw40247/public_html/site/assets/cache/FileCompiler/site/modules/AllInOneMinify/AllInOneMinify.module:596  @  http://cw40247.tmweb.ru/ 
[2018-07-27 11-55-35] PHP Warning: file_get_contents(): Filename cannot be empty in /home/c/cw40247/public_html/site/assets/cache/FileCompiler/site/modules/AllInOneMinify/AllInOneMinify.module:470  @  http://cw40247.tmweb.ru/ 
[2018-07-27 12-04-05] PHP Warning: Narrowing occurred during type inference. Please file a bug report on bugs.php.net in /home/c/cw40247/public_html/wire/core/Modules.php:1498  @  http://cw40247.tmweb.ru/processwire/setup/field/save 
[2018-07-27 12-05-51] PHP Warning: Narrowing occurred during type inference. Please file a bug report on bugs.php.net in /home/c/cw40247/public_html/wire/core/Modules.php:1498  @  http://cw40247.tmweb.ru/processwire/setup/field/save 
[2018-07-27 12-06-18] PHP Warning: Narrowing occurred during type inference. Please file a bug report on bugs.php.net in /home/c/cw40247/public_html/wire/core/Modules.php:1498  @  http://cw40247.tmweb.ru/processwire/setup/field/save 
[2018-07-27 12-14-58] PHP Warning: Narrowing occurred during type inference. Please file a bug report on bugs.php.net in /home/c/cw40247/public_html/wire/core/Modules.php:1498  @  http://cw40247.tmweb.ru/processwire/setup/field/save 
[2018-07-27 12-15-29] PHP Warning: Narrowing occurred during type inference. Please file a bug report on bugs.php.net in /home/c/cw40247/public_html/wire/core/Modules.php:1498  @  http://cw40247.tmweb.ru/processwire/setup/field/send-templates-save?id=103 
[2018-07-27 12-15-54] PHP Warning: Narrowing occurred during type inference. Please file a bug report on bugs.php.net in /home/c/cw40247/public_html/wire/core/Modules.php:1498  @  http://cw40247.tmweb.ru/processwire/setup/field/save 
[2018-07-27 12-42-10] PHP Warning: A non-numeric value encountered in /home/c/cw40247/public_html/site/assets/cache/FileCompiler/site/modules/AllInOneMinify/AllInOneMinify.module:713  @  http://cw40247.tmweb.ru/ 
[2018-07-27 12-42-11] PHP Warning: file_get_contents(): Filename cannot be empty in /home/c/cw40247/public_html/site/assets/cache/FileCompiler/site/modules/AllInOneMinify/AllInOneMinify.module:470  @  http://cw40247.tmweb.ru/ 
[2018-07-27 12-43-09] PHP Warning: A non-numeric value encountered in /home/c/cw40247/public_html/site/assets/cache/FileCompiler/site/modules/AllInOneMinify/AllInOneMinify.module:713  @  http://cw40247.tmweb.ru/ 
[2018-07-27 12-43-10] PHP Warning: file_get_contents(): Filename cannot be empty in /home/c/cw40247/public_html/site/assets/cache/FileCompiler/site/modules/AllInOneMinify/AllInOneMinify.module:470  @  http://cw40247.tmweb.ru/ 
[2018-07-27 12-47-28] PHP Warning: A non-numeric value encountered in /home/c/cw40247/public_html/site/assets/cache/FileCompiler/site/modules/AllInOneMinify/AllInOneMinify.module:713  @  http://cw40247.tmweb.ru/ 
[2018-07-27 12-47-29] PHP Warning: file_get_contents(): Filename cannot be empty in /home/c/cw40247/public_html/site/assets/cache/FileCompiler/site/modules/AllInOneMinify/AllInOneMinify.module:470  @  http://cw40247.tmweb.ru/ 
[2018-07-27 12-47-46] PHP Warning: Narrowing occurred during type inference. Please file a bug report on bugs.php.net in /home/c/cw40247/public_html/wire/core/Modules.php:1498  @  http://cw40247.tmweb.ru/processwire/setup/field/save 
[2018-07-27 12-49-51] PHP Warning: Narrowing occurred during type inference. Please file a bug report on bugs.php.net in /home/c/cw40247/public_html/wire/core/Modules.php:1498  @  http://cw40247.tmweb.ru/processwire/setup/field/save 
[2018-07-27 12-50-46] PHP Warning: A non-numeric value encountered in /home/c/cw40247/public_html/site/assets/cache/FileCompiler/site/modules/AllInOneMinify/AllInOneMinify.module:713  @  http://cw40247.tmweb.ru/ 
[2018-07-27 12-50-47] PHP Warning: file_get_contents(): Filename cannot be empty in /home/c/cw40247/public_html/site/assets/cache/FileCompiler/site/modules/AllInOneMinify/AllInOneMinify.module:470  @  http://cw40247.tmweb.ru/ 
[2018-07-27 12-50-48] PHP Warning: A non-numeric value encountered in /home/c/cw40247/public_html/site/assets/cache/FileCompiler/site/modules/AllInOneMinify/AllInOneMinify.module:713  @  http://cw40247.tmweb.ru/ 
[2018-07-27 12-50-48] PHP Warning: file_get_contents(): Filename cannot be empty in /home/c/cw40247/public_html/site/assets/cache/FileCompiler/site/modules/AllInOneMinify/AllInOneMinify.module:470  @  http://cw40247.tmweb.ru/ 
[2018-07-27 12-50-50] PHP Warning: Narrowing occurred during type inference. Please file a bug report on bugs.php.net in /home/c/cw40247/public_html/wire/core/Modules.php:1498  @  http://cw40247.tmweb.ru/processwire/setup/field/save 
[2018-07-27 12-51-33] PHP Warning: Narrowing occurred during type inference. Please file a bug report on bugs.php.net in /home/c/cw40247/public_html/wire/core/Modules.php:1498  @  http://cw40247.tmweb.ru/processwire/setup/field/save 
[2018-07-27 12-51-36] PHP Warning: A non-numeric value encountered in /home/c/cw40247/public_html/site/assets/cache/FileCompiler/site/modules/AllInOneMinify/AllInOneMinify.module:713  @  http://cw40247.tmweb.ru/ 
[2018-07-27 12-51-36] PHP Warning: file_get_contents(): Filename cannot be empty in /home/c/cw40247/public_html/site/assets/cache/FileCompiler/site/modules/AllInOneMinify/AllInOneMinify.module:470  @  http://cw40247.tmweb.ru/ 
[2018-07-27 12-51-38] PHP Warning: A non-numeric value encountered in /home/c/cw40247/public_html/site/assets/cache/FileCompiler/site/modules/AllInOneMinify/AllInOneMinify.module:713  @  http://cw40247.tmweb.ru/ 
[2018-07-27 12-51-39] PHP Warning: file_get_contents(): Filename cannot be empty in /home/c/cw40247/public_html/site/assets/cache/FileCompiler/site/modules/AllInOneMinify/AllInOneMinify.module:470  @  http://cw40247.tmweb.ru/ 
[2018-07-27 12-51-45] PHP Warning: A non-numeric value encountered in /home/c/cw40247/public_html/site/assets/cache/FileCompiler/site/modules/AllInOneMinify/AllInOneMinify.module:713  @  http://cw40247.tmweb.ru/ 
[2018-07-27 12-51-45] PHP Warning: file_get_contents(): Filename cannot be empty in /home/c/cw40247/public_html/site/assets/cache/FileCompiler/site/modules/AllInOneMinify/AllInOneMinify.module:470  @  http://cw40247.tmweb.ru/ 
[2018-07-27 12-51-58] PHP Warning: Narrowing occurred during type inference. Please file a bug report on bugs.php.net in /home/c/cw40247/public_html/wire/core/Modules.php:1498  @  http://cw40247.tmweb.ru/processwire/setup/field/save 
[2018-07-27 12-52-20] PHP Warning: A non-numeric value encountered in /home/c/cw40247/public_html/site/assets/cache/FileCompiler/site/modules/AllInOneMinify/AllInOneMinify.module:713  @  http://cw40247.tmweb.ru/ 
[2018-07-27 12-52-21] PHP Warning: file_get_contents(): Filename cannot be empty in /home/c/cw40247/public_html/site/assets/cache/FileCompiler/site/modules/AllInOneMinify/AllInOneMinify.module:470  @  http://cw40247.tmweb.ru/ 
[2018-07-27 12-52-21] PHP Warning: A non-numeric value encountered in /home/c/cw40247/public_html/site/assets/cache/FileCompiler/site/modules/AllInOneMinify/AllInOneMinify.module:713  @  http://cw40247.tmweb.ru/ 
[2018-07-27 12-52-21] PHP Warning: file_get_contents(): Filename cannot be empty in /home/c/cw40247/public_html/site/assets/cache/FileCompiler/site/modules/AllInOneMinify/AllInOneMinify.module:470  @  http://cw40247.tmweb.ru/ 
[2018-07-27 12-52-21] PHP Warning: A non-numeric value encountered in /home/c/cw40247/public_html/site/assets/cache/FileCompiler/site/modules/AllInOneMinify/AllInOneMinify.module:713  @  http://cw40247.tmweb.ru/ 
[2018-07-27 12-52-22] PHP Warning: file_get_contents(): Filename cannot be empty in /home/c/cw40247/public_html/site/assets/cache/FileCompiler/site/modules/AllInOneMinify/AllInOneMinify.module:470  @  http://cw40247.tmweb.ru/ 
[2018-07-27 12-52-22] PHP Warning: A non-numeric value encountered in /home/c/cw40247/public_html/site/assets/cache/FileCompiler/site/modules/AllInOneMinify/AllInOneMinify.module:713  @  http://cw40247.tmweb.ru/ 
[2018-07-27 12-52-22] PHP Warning: file_get_contents(): Filename cannot be empty in /home/c/cw40247/public_html/site/assets/cache/FileCompiler/site/modules/AllInOneMinify/AllInOneMinify.module:470  @  http://cw40247.tmweb.ru/ 
[2018-07-27 12-52-23] PHP Warning: A non-numeric value encountered in /home/c/cw40247/public_html/site/assets/cache/FileCompiler/site/modules/AllInOneMinify/AllInOneMinify.module:713  @  http://cw40247.tmweb.ru/ 
[2018-07-27 12-52-23] PHP Warning: file_get_contents(): Filename cannot be empty in /home/c/cw40247/public_html/site/assets/cache/FileCompiler/site/modules/AllInOneMinify/AllInOneMinify.module:470  @  http://cw40247.tmweb.ru/ 
[2018-07-27 12-53-48] PHP Warning: Narrowing occurred during type inference. Please file a bug report on bugs.php.net in /home/c/cw40247/public_html/wire/core/Modules.php:1498  @  http://cw40247.tmweb.ru/processwire/setup/field/navJSON/ 
[2018-07-27 12-54-51] PHP Warning: Narrowing occurred during type inference. Please file a bug report on bugs.php.net in /home/c/cw40247/public_html/wire/core/Modules.php:1498  @  http://cw40247.tmweb.ru/processwire/setup/field/save 
[2018-07-27 12-55-03] PHP Warning: A non-numeric value encountered in /home/c/cw40247/public_html/site/assets/cache/FileCompiler/site/modules/AllInOneMinify/AllInOneMinify.module:713  @  http://cw40247.tmweb.ru/ 
[2018-07-27 12-55-04] PHP Warning: file_get_contents(): Filename cannot be empty in /home/c/cw40247/public_html/site/assets/cache/FileCompiler/site/modules/AllInOneMinify/AllInOneMinify.module:470  @  http://cw40247.tmweb.ru/ 
[2018-07-27 12-55-05] PHP Warning: A non-numeric value encountered in /home/c/cw40247/public_html/site/assets/cache/FileCompiler/site/modules/AllInOneMinify/AllInOneMinify.module:713  @  http://cw40247.tmweb.ru/ 
[2018-07-27 12-55-05] PHP Warning: file_get_contents(): Filename cannot be empty in /home/c/cw40247/public_html/site/assets/cache/FileCompiler/site/modules/AllInOneMinify/AllInOneMinify.module:470  @  http://cw40247.tmweb.ru/ 
[2018-07-27 12-56-05] PHP Warning: A non-numeric value encountered in /home/c/cw40247/public_html/site/assets/cache/FileCompiler/site/modules/AllInOneMinify/AllInOneMinify.module:713  @  http://cw40247.tmweb.ru/ 
[2018-07-27 12-56-05] PHP Warning: file_get_contents(): Filename cannot be empty in /home/c/cw40247/public_html/site/assets/cache/FileCompiler/site/modules/AllInOneMinify/AllInOneMinify.module:470  @  http://cw40247.tmweb.ru/ 
[2018-07-27 12-57-12] PHP Warning: A non-numeric value encountered in /home/c/cw40247/public_html/site/assets/cache/FileCompiler/site/modules/AllInOneMinify/AllInOneMinify.module:713  @  http://cw40247.tmweb.ru/ 
[2018-07-27 12-57-13] PHP Warning: file_get_contents(): Filename cannot be empty in /home/c/cw40247/public_html/site/assets/cache/FileCompiler/site/modules/AllInOneMinify/AllInOneMinify.module:470  @  http://cw40247.tmweb.ru/ 
[2018-07-27 12-59-38] PHP Warning: A non-numeric value encountered in /home/c/cw40247/public_html/site/assets/cache/FileCompiler/site/modules/AllInOneMinify/AllInOneMinify.module:713  @  http://cw40247.tmweb.ru/ 
[2018-07-27 12-59-39] PHP Warning: file_get_contents(): Filename cannot be empty in /home/c/cw40247/public_html/site/assets/cache/FileCompiler/site/modules/AllInOneMinify/AllInOneMinify.module:470  @  http://cw40247.tmweb.ru/ 
[2018-07-27 12-59-40] PHP Warning: A non-numeric value encountered in /home/c/cw40247/public_html/site/assets/cache/FileCompiler/site/modules/AllInOneMinify/AllInOneMinify.module:713  @  http://cw40247.tmweb.ru/ 
[2018-07-27 12-59-40] PHP Warning: file_get_contents(): Filename cannot be empty in /home/c/cw40247/public_html/site/assets/cache/FileCompiler/site/modules/AllInOneMinify/AllInOneMinify.module:470  @  http://cw40247.tmweb.ru/ 
[2018-07-27 12-59-52] PHP Warning: A non-numeric value encountered in /home/c/cw40247/public_html/site/assets/cache/FileCompiler/site/modules/AllInOneMinify/AllInOneMinify.module:713  @  http://cw40247.tmweb.ru/ 
[2018-07-27 12-59-52] PHP Warning: file_get_contents(): Filename cannot be empty in /home/c/cw40247/public_html/site/assets/cache/FileCompiler/site/modules/AllInOneMinify/AllInOneMinify.module:470  @  http://cw40247.tmweb.ru/ 
[2018-07-27 13-00-12] PHP Warning: A non-numeric value encountered in /home/c/cw40247/public_html/site/assets/cache/FileCompiler/site/modules/AllInOneMinify/AllInOneMinify.module:713  @  http://cw40247.tmweb.ru/ 
[2018-07-27 13-00-13] PHP Warning: file_get_contents(): Filename cannot be empty in /home/c/cw40247/public_html/site/assets/cache/FileCompiler/site/modules/AllInOneMinify/AllInOneMinify.module:470  @  http://cw40247.tmweb.ru/ 
[2018-07-27 13-01-26] PHP Warning: A non-numeric value encountered in /home/c/cw40247/public_html/site/assets/cache/FileCompiler/site/modules/AllInOneMinify/AllInOneMinify.module:713  @  http://cw40247.tmweb.ru/ 
[2018-07-27 13-01-27] PHP Warning: file_get_contents(): Filename cannot be empty in /home/c/cw40247/public_html/site/assets/cache/FileCompiler/site/modules/AllInOneMinify/AllInOneMinify.module:470  @  http://cw40247.tmweb.ru/ 
[2018-07-27 13-01-28] PHP Warning: A non-numeric value encountered in /home/c/cw40247/public_html/site/assets/cache/FileCompiler/site/modules/AllInOneMinify/AllInOneMinify.module:713  @  http://cw40247.tmweb.ru/ 
[2018-07-27 13-01-28] PHP Warning: file_get_contents(): Filename cannot be empty in /home/c/cw40247/public_html/site/assets/cache/FileCompiler/site/modules/AllInOneMinify/AllInOneMinify.module:470  @  http://cw40247.tmweb.ru/ 
[2018-07-27 13-01-33] PHP Warning: A non-numeric value encountered in /home/c/cw40247/public_html/site/assets/cache/FileCompiler/site/modules/AllInOneMinify/AllInOneMinify.module:713  @  http://cw40247.tmweb.ru/ 
[2018-07-27 13-01-33] PHP Warning: file_get_contents(): Filename cannot be empty in /home/c/cw40247/public_html/site/assets/cache/FileCompiler/site/modules/AllInOneMinify/AllInOneMinify.module:470  @  http://cw40247.tmweb.ru/ 
[2018-07-27 13-01-34] PHP Warning: A non-numeric value encountered in /home/c/cw40247/public_html/site/assets/cache/FileCompiler/site/modules/AllInOneMinify/AllInOneMinify.module:713  @  http://cw40247.tmweb.ru/ 
[2018-07-27 13-01-34] PHP Warning: file_get_contents(): Filename cannot be empty in /home/c/cw40247/public_html/site/assets/cache/FileCompiler/site/modules/AllInOneMinify/AllInOneMinify.module:470  @  http://cw40247.tmweb.ru/ 
[2018-07-27 13-01-47] PHP Warning: A non-numeric value encountered in /home/c/cw40247/public_html/site/assets/cache/FileCompiler/site/modules/AllInOneMinify/AllInOneMinify.module:713  @  http://cw40247.tmweb.ru/ 
[2018-07-27 13-01-48] PHP Warning: file_get_contents(): Filename cannot be empty in /home/c/cw40247/public_html/site/assets/cache/FileCompiler/site/modules/AllInOneMinify/AllInOneMinify.module:470  @  http://cw40247.tmweb.ru/ 
[2018-07-27 13-02-07] PHP Warning: A non-numeric value encountered in /home/c/cw40247/public_html/site/assets/cache/FileCompiler/site/modules/AllInOneMinify/AllInOneMinify.module:713  @  http://cw40247.tmweb.ru/ 
[2018-07-27 13-02-07] PHP Warning: file_get_contents(): Filename cannot be empty in /home/c/cw40247/public_html/site/assets/cache/FileCompiler/site/modules/AllInOneMinify/AllInOneMinify.module:470  @  http://cw40247.tmweb.ru/ 
[2018-07-27 13-02-49] PHP Warning: A non-numeric value encountered in /home/c/cw40247/public_html/site/assets/cache/FileCompiler/site/modules/AllInOneMinify/AllInOneMinify.module:713  @  http://cw40247.tmweb.ru/ 
[2018-07-27 13-02-50] PHP Warning: file_get_contents(): Filename cannot be empty in /home/c/cw40247/public_html/site/assets/cache/FileCompiler/site/modules/AllInOneMinify/AllInOneMinify.module:470  @  http://cw40247.tmweb.ru/ 
[2018-07-27 13-02-50] PHP Warning: A non-numeric value encountered in /home/c/cw40247/public_html/site/assets/cache/FileCompiler/site/modules/AllInOneMinify/AllInOneMinify.module:713  @  http://cw40247.tmweb.ru/ 
[2018-07-27 13-02-51] PHP Warning: file_get_contents(): Filename cannot be empty in /home/c/cw40247/public_html/site/assets/cache/FileCompiler/site/modules/AllInOneMinify/AllInOneMinify.module:470  @  http://cw40247.tmweb.ru/ 
[2018-07-27 13-03-26] PHP Warning: A non-numeric value encountered in /home/c/cw40247/public_html/site/assets/cache/FileCompiler/site/modules/AllInOneMinify/AllInOneMinify.module:713  @  http://cw40247.tmweb.ru/ 
[2018-07-27 13-03-27] PHP Warning: file_get_contents(): Filename cannot be empty in /home/c/cw40247/public_html/site/assets/cache/FileCompiler/site/modules/AllInOneMinify/AllInOneMinify.module:470  @  http://cw40247.tmweb.ru/ 
[2018-07-27 13-03-47] PHP Warning: A non-numeric value encountered in /home/c/cw40247/public_html/site/assets/cache/FileCompiler/site/modules/AllInOneMinify/AllInOneMinify.module:713  @  http://cw40247.tmweb.ru/ 
[2018-07-27 13-03-47] PHP Warning: file_get_contents(): Filename cannot be empty in /home/c/cw40247/public_html/site/assets/cache/FileCompiler/site/modules/AllInOneMinify/AllInOneMinify.module:470  @  http://cw40247.tmweb.ru/ 
[2018-07-27 13-03-48] PHP Warning: A non-numeric value encountered in /home/c/cw40247/public_html/site/assets/cache/FileCompiler/site/modules/AllInOneMinify/AllInOneMinify.module:713  @  http://cw40247.tmweb.ru/ 
[2018-07-27 13-03-48] PHP Warning: file_get_contents(): Filename cannot be empty in /home/c/cw40247/public_html/site/assets/cache/FileCompiler/site/modules/AllInOneMinify/AllInOneMinify.module:470  @  http://cw40247.tmweb.ru/ 
[2018-07-27 13-04-05] PHP Warning: A non-numeric value encountered in /home/c/cw40247/public_html/site/assets/cache/FileCompiler/site/modules/AllInOneMinify/AllInOneMinify.module:713  @  http://cw40247.tmweb.ru/ 
[2018-07-27 13-04-05] PHP Warning: file_get_contents(): Filename cannot be empty in /home/c/cw40247/public_html/site/assets/cache/FileCompiler/site/modules/AllInOneMinify/AllInOneMinify.module:470  @  http://cw40247.tmweb.ru/ 
[2018-07-27 13-05-00] PHP Warning: A non-numeric value encountered in /home/c/cw40247/public_html/site/assets/cache/FileCompiler/site/modules/AllInOneMinify/AllInOneMinify.module:713  @  http://cw40247.tmweb.ru/ 
[2018-07-27 13-05-00] PHP Warning: file_get_contents(): Filename cannot be empty in /home/c/cw40247/public_html/site/assets/cache/FileCompiler/site/modules/AllInOneMinify/AllInOneMinify.module:470  @  http://cw40247.tmweb.ru/ 
[2018-07-27 13-05-02] PHP Warning: A non-numeric value encountered in /home/c/cw40247/public_html/site/assets/cache/FileCompiler/site/modules/AllInOneMinify/AllInOneMinify.module:713  @  http://cw40247.tmweb.ru/ 
[2018-07-27 13-05-02] PHP Warning: file_get_contents(): Filename cannot be empty in /home/c/cw40247/public_html/site/assets/cache/FileCompiler/site/modules/AllInOneMinify/AllInOneMinify.module:470  @  http://cw40247.tmweb.ru/ 
[2018-07-27 13-05-35] PHP Warning: A non-numeric value encountered in /home/c/cw40247/public_html/site/assets/cache/FileCompiler/site/modules/AllInOneMinify/AllInOneMinify.module:713  @  http://cw40247.tmweb.ru/ 
[2018-07-27 13-05-35] PHP Warning: file_get_contents(): Filename cannot be empty in /home/c/cw40247/public_html/site/assets/cache/FileCompiler/site/modules/AllInOneMinify/AllInOneMinify.module:470  @  http://cw40247.tmweb.ru/ 
[2018-07-27 13-07-07] PHP Warning: A non-numeric value encountered in /home/c/cw40247/public_html/site/assets/cache/FileCompiler/site/modules/AllInOneMinify/AllInOneMinify.module:713  @  http://cw40247.tmweb.ru/ 
[2018-07-27 13-07-07] PHP Warning: file_get_contents(): Filename cannot be empty in /home/c/cw40247/public_html/site/assets/cache/FileCompiler/site/modules/AllInOneMinify/AllInOneMinify.module:470  @  http://cw40247.tmweb.ru/ 
[2018-07-27 13-07-13] PHP Warning: A non-numeric value encountered in /home/c/cw40247/public_html/site/assets/cache/FileCompiler/site/modules/AllInOneMinify/AllInOneMinify.module:713  @  http://cw40247.tmweb.ru/ 
[2018-07-27 13-07-13] PHP Warning: file_get_contents(): Filename cannot be empty in /home/c/cw40247/public_html/site/assets/cache/FileCompiler/site/modules/AllInOneMinify/AllInOneMinify.module:470  @  http://cw40247.tmweb.ru/ 
[2018-07-27 13-07-14] PHP Warning: A non-numeric value encountered in /home/c/cw40247/public_html/site/assets/cache/FileCompiler/site/modules/AllInOneMinify/AllInOneMinify.module:713  @  http://cw40247.tmweb.ru/ 
[2018-07-27 13-07-14] PHP Warning: file_get_contents(): Filename cannot be empty in /home/c/cw40247/public_html/site/assets/cache/FileCompiler/site/modules/AllInOneMinify/AllInOneMinify.module:470  @  http://cw40247.tmweb.ru/ 
[2018-07-27 13-07-42] PHP Warning: A non-numeric value encountered in /home/c/cw40247/public_html/site/assets/cache/FileCompiler/site/modules/AllInOneMinify/AllInOneMinify.module:713  @  http://cw40247.tmweb.ru/ 
[2018-07-27 13-07-42] PHP Warning: file_get_contents(): Filename cannot be empty in /home/c/cw40247/public_html/site/assets/cache/FileCompiler/site/modules/AllInOneMinify/AllInOneMinify.module:470  @  http://cw40247.tmweb.ru/ 
[2018-07-27 13-07-42] PHP Warning: A non-numeric value encountered in /home/c/cw40247/public_html/site/assets/cache/FileCompiler/site/modules/AllInOneMinify/AllInOneMinify.module:713  @  http://cw40247.tmweb.ru/ 
[2018-07-27 13-07-42] PHP Warning: file_get_contents(): Filename cannot be empty in /home/c/cw40247/public_html/site/assets/cache/FileCompiler/site/modules/AllInOneMinify/AllInOneMinify.module:470  @  http://cw40247.tmweb.ru/ 
[2018-07-27 13-07-56] PHP Warning: Narrowing occurred during type inference. Please file a bug report on bugs.php.net in /home/c/cw40247/public_html/wire/core/Modules.php:1498  @  http://cw40247.tmweb.ru/processwire/setup/field/save 
[2018-07-27 13-07-59] PHP Warning: A non-numeric value encountered in /home/c/cw40247/public_html/site/assets/cache/FileCompiler/site/modules/AllInOneMinify/AllInOneMinify.module:713  @  http://cw40247.tmweb.ru/ 
[2018-07-27 13-07-59] PHP Warning: file_get_contents(): Filename cannot be empty in /home/c/cw40247/public_html/site/assets/cache/FileCompiler/site/modules/AllInOneMinify/AllInOneMinify.module:470  @  http://cw40247.tmweb.ru/ 
[2018-07-27 13-08-08] PHP Warning: Narrowing occurred during type inference. Please file a bug report on bugs.php.net in /home/c/cw40247/public_html/wire/core/Modules.php:1498  @  http://cw40247.tmweb.ru/processwire/setup/field/add 
[2018-07-27 13-10-18] PHP Warning: A non-numeric value encountered in /home/c/cw40247/public_html/site/assets/cache/FileCompiler/site/modules/AllInOneMinify/AllInOneMinify.module:713  @  http://cw40247.tmweb.ru/ 
[2018-07-27 13-10-18] PHP Warning: file_get_contents(): Filename cannot be empty in /home/c/cw40247/public_html/site/assets/cache/FileCompiler/site/modules/AllInOneMinify/AllInOneMinify.module:470  @  http://cw40247.tmweb.ru/ 
[2018-07-27 13-10-23] PHP Warning: A non-numeric value encountered in /home/c/cw40247/public_html/site/assets/cache/FileCompiler/site/modules/AllInOneMinify/AllInOneMinify.module:713  @  http://cw40247.tmweb.ru/ 
[2018-07-27 13-10-23] PHP Warning: file_get_contents(): Filename cannot be empty in /home/c/cw40247/public_html/site/assets/cache/FileCompiler/site/modules/AllInOneMinify/AllInOneMinify.module:470  @  http://cw40247.tmweb.ru/ 
[2018-07-27 13-10-24] PHP Warning: A non-numeric value encountered in /home/c/cw40247/public_html/site/assets/cache/FileCompiler/site/modules/AllInOneMinify/AllInOneMinify.module:713  @  http://cw40247.tmweb.ru/ 
[2018-07-27 13-10-24] PHP Warning: file_get_contents(): Filename cannot be empty in /home/c/cw40247/public_html/site/assets/cache/FileCompiler/site/modules/AllInOneMinify/AllInOneMinify.module:470  @  http://cw40247.tmweb.ru/ 
[2018-07-27 13-10-25] PHP Warning: A non-numeric value encountered in /home/c/cw40247/public_html/site/assets/cache/FileCompiler/site/modules/AllInOneMinify/AllInOneMinify.module:713  @  http://cw40247.tmweb.ru/ 
[2018-07-27 13-10-25] PHP Warning: file_get_contents(): Filename cannot be empty in /home/c/cw40247/public_html/site/assets/cache/FileCompiler/site/modules/AllInOneMinify/AllInOneMinify.module:470  @  http://cw40247.tmweb.ru/ 
[2018-07-27 13-10-29] PHP Warning: A non-numeric value encountered in /home/c/cw40247/public_html/site/assets/cache/FileCompiler/site/modules/AllInOneMinify/AllInOneMinify.module:713  @  http://cw40247.tmweb.ru/ 
[2018-07-27 13-10-29] PHP Warning: file_get_contents(): Filename cannot be empty in /home/c/cw40247/public_html/site/assets/cache/FileCompiler/site/modules/AllInOneMinify/AllInOneMinify.module:470  @  http://cw40247.tmweb.ru/ 
[2018-07-27 13-10-29] PHP Warning: A non-numeric value encountered in /home/c/cw40247/public_html/site/assets/cache/FileCompiler/site/modules/AllInOneMinify/AllInOneMinify.module:713  @  http://cw40247.tmweb.ru/ 
[2018-07-27 13-10-29] PHP Warning: file_get_contents(): Filename cannot be empty in /home/c/cw40247/public_html/site/assets/cache/FileCompiler/site/modules/AllInOneMinify/AllInOneMinify.module:470  @  http://cw40247.tmweb.ru/ 
[2018-07-27 13-11-00] PHP Warning: A non-numeric value encountered in /home/c/cw40247/public_html/site/assets/cache/FileCompiler/site/modules/AllInOneMinify/AllInOneMinify.module:713  @  http://cw40247.tmweb.ru/ 
[2018-07-27 13-11-00] PHP Warning: file_get_contents(): Filename cannot be empty in /home/c/cw40247/public_html/site/assets/cache/FileCompiler/site/modules/AllInOneMinify/AllInOneMinify.module:470  @  http://cw40247.tmweb.ru/ 
[2018-07-27 13-11-41] PHP Warning: A non-numeric value encountered in /home/c/cw40247/public_html/site/assets/cache/FileCompiler/site/modules/AllInOneMinify/AllInOneMinify.module:713  @  http://cw40247.tmweb.ru/ 
[2018-07-27 13-11-41] PHP Warning: file_get_contents(): Filename cannot be empty in /home/c/cw40247/public_html/site/assets/cache/FileCompiler/site/modules/AllInOneMinify/AllInOneMinify.module:470  @  http://cw40247.tmweb.ru/ 
[2018-07-27 13-12-49] PHP Warning: A non-numeric value encountered in /home/c/cw40247/public_html/site/assets/cache/FileCompiler/site/modules/AllInOneMinify/AllInOneMinify.module:713  @  http://cw40247.tmweb.ru/ 
[2018-07-27 13-12-49] PHP Warning: file_get_contents(): Filename cannot be empty in /home/c/cw40247/public_html/site/assets/cache/FileCompiler/site/modules/AllInOneMinify/AllInOneMinify.module:470  @  http://cw40247.tmweb.ru/ 
[2018-07-27 13-14-37] PHP Warning: A non-numeric value encountered in /home/c/cw40247/public_html/site/assets/cache/FileCompiler/site/modules/AllInOneMinify/AllInOneMinify.module:713  @  http://cw40247.tmweb.ru/ 
[2018-07-27 13-14-37] PHP Warning: file_get_contents(): Filename cannot be empty in /home/c/cw40247/public_html/site/assets/cache/FileCompiler/site/modules/AllInOneMinify/AllInOneMinify.module:470  @  http://cw40247.tmweb.ru/ 
[2018-07-27 13-14-46] PHP Warning: A non-numeric value encountered in /home/c/cw40247/public_html/site/assets/cache/FileCompiler/site/modules/AllInOneMinify/AllInOneMinify.module:713  @  http://cw40247.tmweb.ru/ 
[2018-07-27 13-14-46] PHP Warning: file_get_contents(): Filename cannot be empty in /home/c/cw40247/public_html/site/assets/cache/FileCompiler/site/modules/AllInOneMinify/AllInOneMinify.module:470  @  http://cw40247.tmweb.ru/ 
[2018-07-27 13-15-32] PHP Warning: A non-numeric value encountered in /home/c/cw40247/public_html/site/assets/cache/FileCompiler/site/modules/AllInOneMinify/AllInOneMinify.module:713  @  http://cw40247.tmweb.ru/ 
[2018-07-27 13-15-32] PHP Warning: file_get_contents(): Filename cannot be empty in /home/c/cw40247/public_html/site/assets/cache/FileCompiler/site/modules/AllInOneMinify/AllInOneMinify.module:470  @  http://cw40247.tmweb.ru/ 
[2018-07-27 13-15-37] PHP Warning: A non-numeric value encountered in /home/c/cw40247/public_html/site/assets/cache/FileCompiler/site/modules/AllInOneMinify/AllInOneMinify.module:713  @  http://cw40247.tmweb.ru/ 
[2018-07-27 13-15-37] PHP Warning: file_get_contents(): Filename cannot be empty in /home/c/cw40247/public_html/site/assets/cache/FileCompiler/site/modules/AllInOneMinify/AllInOneMinify.module:470  @  http://cw40247.tmweb.ru/ 
[2018-07-27 13-19-09] PHP Warning: A non-numeric value encountered in /home/c/cw40247/public_html/site/assets/cache/FileCompiler/site/modules/AllInOneMinify/AllInOneMinify.module:713  @  http://cw40247.tmweb.ru/ 
[2018-07-27 13-19-10] PHP Warning: file_get_contents(): Filename cannot be empty in /home/c/cw40247/public_html/site/assets/cache/FileCompiler/site/modules/AllInOneMinify/AllInOneMinify.module:470  @  http://cw40247.tmweb.ru/ 
[2018-07-27 13-19-11] PHP Warning: A non-numeric value encountered in /home/c/cw40247/public_html/site/assets/cache/FileCompiler/site/modules/AllInOneMinify/AllInOneMinify.module:713  @  http://cw40247.tmweb.ru/ 
[2018-07-27 13-19-11] PHP Warning: file_get_contents(): Filename cannot be empty in /home/c/cw40247/public_html/site/assets/cache/FileCompiler/site/modules/AllInOneMinify/AllInOneMinify.module:470  @  http://cw40247.tmweb.ru/ 
[2018-07-27 13-19-22] PHP Warning: A non-numeric value encountered in /home/c/cw40247/public_html/site/assets/cache/FileCompiler/site/modules/AllInOneMinify/AllInOneMinify.module:713  @  http://cw40247.tmweb.ru/ 
[2018-07-27 13-19-22] PHP Warning: file_get_contents(): Filename cannot be empty in /home/c/cw40247/public_html/site/assets/cache/FileCompiler/site/modules/AllInOneMinify/AllInOneMinify.module:470  @  http://cw40247.tmweb.ru/ 
[2018-07-27 13-19-47] PHP Warning: A non-numeric value encountered in /home/c/cw40247/public_html/site/assets/cache/FileCompiler/site/modules/AllInOneMinify/AllInOneMinify.module:713  @  http://cw40247.tmweb.ru/ 
[2018-07-27 13-19-47] PHP Warning: file_get_contents(): Filename cannot be empty in /home/c/cw40247/public_html/site/assets/cache/FileCompiler/site/modules/AllInOneMinify/AllInOneMinify.module:470  @  http://cw40247.tmweb.ru/ 
[2018-07-27 13-19-47] PHP Warning: A non-numeric value encountered in /home/c/cw40247/public_html/site/assets/cache/FileCompiler/site/modules/AllInOneMinify/AllInOneMinify.module:713  @  http://cw40247.tmweb.ru/ 
[2018-07-27 13-19-47] PHP Warning: file_get_contents(): Filename cannot be empty in /home/c/cw40247/public_html/site/assets/cache/FileCompiler/site/modules/AllInOneMinify/AllInOneMinify.module:470  @  http://cw40247.tmweb.ru/ 
[2018-07-27 13-20-04] PHP Warning: A non-numeric value encountered in /home/c/cw40247/public_html/site/assets/cache/FileCompiler/site/modules/AllInOneMinify/AllInOneMinify.module:713  @  http://cw40247.tmweb.ru/ 
[2018-07-27 13-20-04] PHP Warning: file_get_contents(): Filename cannot be empty in /home/c/cw40247/public_html/site/assets/cache/FileCompiler/site/modules/AllInOneMinify/AllInOneMinify.module:470  @  http://cw40247.tmweb.ru/ 
[2018-07-27 13-20-04] PHP Warning: A non-numeric value encountered in /home/c/cw40247/public_html/site/assets/cache/FileCompiler/site/modules/AllInOneMinify/AllInOneMinify.module:713  @  http://cw40247.tmweb.ru/ 
[2018-07-27 13-20-04] PHP Warning: file_get_contents(): Filename cannot be empty in /home/c/cw40247/public_html/site/assets/cache/FileCompiler/site/modules/AllInOneMinify/AllInOneMinify.module:470  @  http://cw40247.tmweb.ru/ 
[2018-07-27 13-21-48] PHP Warning: A non-numeric value encountered in /home/c/cw40247/public_html/site/assets/cache/FileCompiler/site/modules/AllInOneMinify/AllInOneMinify.module:713  @  http://cw40247.tmweb.ru/ 
[2018-07-27 13-21-51] PHP Warning: file_get_contents(): Filename cannot be empty in /home/c/cw40247/public_html/site/assets/cache/FileCompiler/site/modules/AllInOneMinify/AllInOneMinify.module:470  @  http://cw40247.tmweb.ru/ 
[2018-07-27 13-21-51] PHP Warning: A non-numeric value encountered in /home/c/cw40247/public_html/site/assets/cache/FileCompiler/site/modules/AllInOneMinify/AllInOneMinify.module:713  @  http://cw40247.tmweb.ru/ 
[2018-07-27 13-21-52] PHP Warning: file_get_contents(): Filename cannot be empty in /home/c/cw40247/public_html/site/assets/cache/FileCompiler/site/modules/AllInOneMinify/AllInOneMinify.module:470  @  http://cw40247.tmweb.ru/ 
[2018-07-27 13-21-57] PHP Warning: A non-numeric value encountered in /home/c/cw40247/public_html/site/assets/cache/FileCompiler/site/modules/AllInOneMinify/AllInOneMinify.module:713  @  http://cw40247.tmweb.ru/ 
[2018-07-27 13-21-58] PHP Warning: file_get_contents(): Filename cannot be empty in /home/c/cw40247/public_html/site/assets/cache/FileCompiler/site/modules/AllInOneMinify/AllInOneMinify.module:470  @  http://cw40247.tmweb.ru/ 
[2018-07-27 13-21-58] PHP Warning: A non-numeric value encountered in /home/c/cw40247/public_html/site/assets/cache/FileCompiler/site/modules/AllInOneMinify/AllInOneMinify.module:713  @  http://cw40247.tmweb.ru/ 
[2018-07-27 13-22-06] PHP Warning: file_get_contents(): Filename cannot be empty in /home/c/cw40247/public_html/site/assets/cache/FileCompiler/site/modules/AllInOneMinify/AllInOneMinify.module:470  @  http://cw40247.tmweb.ru/ 
[2018-07-27 13-22-20] PHP Warning: A non-numeric value encountered in /home/c/cw40247/public_html/site/assets/cache/FileCompiler/site/modules/AllInOneMinify/AllInOneMinify.module:713  @  http://cw40247.tmweb.ru/ 
[2018-07-27 13-22-20] PHP Warning: file_get_contents(): Filename cannot be empty in /home/c/cw40247/public_html/site/assets/cache/FileCompiler/site/modules/AllInOneMinify/AllInOneMinify.module:470  @  http://cw40247.tmweb.ru/ 
[2018-07-27 13-22-22] PHP Warning: A non-numeric value encountered in /home/c/cw40247/public_html/site/assets/cache/FileCompiler/site/modules/AllInOneMinify/AllInOneMinify.module:713  @  http://cw40247.tmweb.ru/ 
[2018-07-27 13-22-22] PHP Warning: file_get_contents(): Filename cannot be empty in /home/c/cw40247/public_html/site/assets/cache/FileCompiler/site/modules/AllInOneMinify/AllInOneMinify.module:470  @  http://cw40247.tmweb.ru/ 
[2018-07-27 13-23-27] PHP Warning: A non-numeric value encountered in /home/c/cw40247/public_html/site/assets/cache/FileCompiler/site/modules/AllInOneMinify/AllInOneMinify.module:713  @  http://cw40247.tmweb.ru/ 
[2018-07-27 13-23-27] PHP Warning: file_get_contents(): Filename cannot be empty in /home/c/cw40247/public_html/site/assets/cache/FileCompiler/site/modules/AllInOneMinify/AllInOneMinify.module:470  @  http://cw40247.tmweb.ru/ 
[2018-07-27 13-23-32] PHP Warning: A non-numeric value encountered in /home/c/cw40247/public_html/site/assets/cache/FileCompiler/site/modules/AllInOneMinify/AllInOneMinify.module:713  @  http://cw40247.tmweb.ru/ 
[2018-07-27 13-23-32] PHP Warning: file_get_contents(): Filename cannot be empty in /home/c/cw40247/public_html/site/assets/cache/FileCompiler/site/modules/AllInOneMinify/AllInOneMinify.module:470  @  http://cw40247.tmweb.ru/ 
[2018-07-27 13-25-00] PHP Warning: A non-numeric value encountered in /home/c/cw40247/public_html/site/assets/cache/FileCompiler/site/modules/AllInOneMinify/AllInOneMinify.module:713  @  http://cw40247.tmweb.ru/ 
[2018-07-27 13-25-00] PHP Warning: file_get_contents(): Filename cannot be empty in /home/c/cw40247/public_html/site/assets/cache/FileCompiler/site/modules/AllInOneMinify/AllInOneMinify.module:470  @  http://cw40247.tmweb.ru/ 
[2018-07-27 13-25-02] PHP Warning: A non-numeric value encountered in /home/c/cw40247/public_html/site/assets/cache/FileCompiler/site/modules/AllInOneMinify/AllInOneMinify.module:713  @  http://cw40247.tmweb.ru/ 
[2018-07-27 13-25-02] PHP Warning: file_get_contents(): Filename cannot be empty in /home/c/cw40247/public_html/site/assets/cache/FileCompiler/site/modules/AllInOneMinify/AllInOneMinify.module:470  @  http://cw40247.tmweb.ru/ 
[2018-07-27 13-25-02] PHP Warning: A non-numeric value encountered in /home/c/cw40247/public_html/site/assets/cache/FileCompiler/site/modules/AllInOneMinify/AllInOneMinify.module:713  @  http://cw40247.tmweb.ru/ 
[2018-07-27 13-25-02] PHP Warning: file_get_contents(): Filename cannot be empty in /home/c/cw40247/public_html/site/assets/cache/FileCompiler/site/modules/AllInOneMinify/AllInOneMinify.module:470  @  http://cw40247.tmweb.ru/ 
[2018-07-27 13-25-04] PHP Warning: A non-numeric value encountered in /home/c/cw40247/public_html/site/assets/cache/FileCompiler/site/modules/AllInOneMinify/AllInOneMinify.module:713  @  http://cw40247.tmweb.ru/ 
[2018-07-27 13-25-04] PHP Warning: file_get_contents(): Filename cannot be empty in /home/c/cw40247/public_html/site/assets/cache/FileCompiler/site/modules/AllInOneMinify/AllInOneMinify.module:470  @  http://cw40247.tmweb.ru/ 
[2018-07-27 15-27-47] PHP Warning: Narrowing occurred during type inference. Please file a bug report on bugs.php.net in /home/c/cw40247/public_html/wire/core/Modules.php:1498  @  http://cw40247.tmweb.ru/processwire/setup/field/ 
[2018-07-27 15-28-31] PHP Warning: A non-numeric value encountered in /home/c/cw40247/public_html/site/assets/cache/FileCompiler/site/modules/AllInOneMinify/AllInOneMinify.module:713  @  http://cw40247.tmweb.ru/briefs 
[2018-07-27 15-28-31] PHP Warning: file_get_contents(): Filename cannot be empty in /home/c/cw40247/public_html/site/assets/cache/FileCompiler/site/modules/AllInOneMinify/AllInOneMinify.module:470  @  http://cw40247.tmweb.ru/briefs 
[2018-07-27 15-28-56] PHP Warning: A non-numeric value encountered in /home/c/cw40247/public_html/site/assets/cache/FileCompiler/site/modules/AllInOneMinify/AllInOneMinify.module:713  @  http://cw40247.tmweb.ru/brief/ 
[2018-07-27 15-28-56] PHP Warning: file_get_contents(): Filename cannot be empty in /home/c/cw40247/public_html/site/assets/cache/FileCompiler/site/modules/AllInOneMinify/AllInOneMinify.module:470  @  http://cw40247.tmweb.ru/brief/ 
